<?xml version="1.0" encoding="UTF-8"?>
<testng-results skipped="0" failed="0" ignored="0" total="1" passed="1">
  <reporter-output>
  </reporter-output>
  <suite name="Default suite" duration-ms="12216" started-at="2018-10-11T18:15:17Z" finished-at="2018-10-11T18:15:29Z">
    <groups>
    </groups>
    <test name="Default test" duration-ms="12216" started-at="2018-10-11T18:15:17Z" finished-at="2018-10-11T18:15:29Z">
      <class name="testing.qa_challenge.GoogleSearch">
        <test-method status="PASS" signature="googleTest()[pri:0, instance:testing.qa_challenge.GoogleSearch@4b9e13df]" name="googleTest" duration-ms="12189" started-at="2018-10-11T18:15:17Z" finished-at="2018-10-11T18:15:29Z">
          <reporter-output>
          </reporter-output>
        </test-method> <!-- googleTest -->
      </class> <!-- testing.qa_challenge.GoogleSearch -->
    </test> <!-- Default test -->
  </suite> <!-- Default suite -->
</testng-results>
